1659972819632	geckodriver	INFO	Listening on 127.0.0.1:38159
1659972822556	mozrunner::runner	INFO	Running command: "/usr/bin/firefox" "--marionette" "--remote-debugging-port" "59491" "--remote-allow-hosts" "localhost" "-no-remote" "-profile" "/tmp/rust_mozprofileKLihpY"
ATTENTION: default value of option mesa_glthread overridden by environment.
ATTENTION: default value of option mesa_glthread overridden by environment.
ATTENTION: default value of option mesa_glthread overridden by environment.
ATTENTION: default value of option mesa_glthread overridden by environment.
1659972828863	Marionette	INFO	Marionette enabled
WebDriver BiDi listening on ws://localhost:59491
console.warn: SearchSettings: "get: No settings file exists, new profile?" (new NotFoundError("Could not open the file at /tmp/rust_mozprofileKLihpY/search.json.mozlz4", (void 0)))
console.error: Region.jsm: "Error fetching region" (new AbortError("The operation was aborted. ", (void 0), 765))
console.error: Region.jsm: "Failed to fetch region" (new Error("NO_RESULT", "resource://gre/modules/Region.jsm", 419))
1659972844759	Marionette	INFO	Listening on port 44003
Read port: 44003
1659972845061	RemoteAgent	WARN	TLS certificate errors will be ignored for this session
DevTools listening on ws://localhost:59491/devtools/browser/54fcf57c-740a-43f8-8847-656038812a67
1659972909084	Marionette	INFO	Stopped listening on port 44003

###!!! [Parent][PImageBridgeParent] Error: RunMessage(msgname=PImageBridge::Msg_WillClose) Channel closing: too late to send/recv, messages will be lost

1670547810848	geckodriver	INFO	Listening on 127.0.0.1:45889
1670547814037	mozrunner::runner	INFO	Running command: "/usr/bin/firefox" "--marionette" "--remote-debugging-port" "58369" "--remote-allow-hosts" "localhost" "-no-remote" "-profile" "/tmp/rust_mozprofileos5XrT"
1670547820079	Marionette	INFO	Marionette enabled
WebDriver BiDi listening on ws://localhost:58369
console.error: Region.jsm: "Error fetching region" (new TypeError("NetworkError when attempting to fetch resource.", ""))
console.error: Region.jsm: "Failed to fetch region" (new Error("NO_RESULT", "resource://gre/modules/Region.jsm", 419))
console.warn: SearchSettings: "get: No settings file exists, new profile?" (new NotFoundError("Could not open the file at /tmp/rust_mozprofileos5XrT/search.json.mozlz4", (void 0)))
1670547836562	Marionette	INFO	Listening on port 33281
Read port: 33281
DevTools listening on ws://localhost:58369/devtools/browser/5465ea62-b5f5-40e4-80a1-3846b09eb06f
1670547836791	RemoteAgent	WARN	TLS certificate errors will be ignored for this session
1670547849856	Marionette	INFO	Stopped listening on port 33281

###!!! [Parent][PImageBridgeParent] Error: RunMessage(msgname=PImageBridge::Msg_WillClose) Channel closing: too late to send/recv, messages will be lost

